<?xml version="1.0" encoding="UTF-8"?>
<!-- Generated by org.testng.reporters.JUnitReportReporter -->
<testsuite skipped="0" hostname="LAPTOP-HHN7D2TC" name="com.ebanking.master.Exepom" tests="3" failures="0" timestamp="2020-10-26T17:10:31 IST" time="17.072" errors="0">
  <testcase name="Rcreation" time="6.775" classname="com.ebanking.master.Exepom"/>
  <testcase name="Rcreation" time="5.006" classname="com.ebanking.master.Exepom"/>
  <testcase name="Rcreation" time="5.291" classname="com.ebanking.master.Exepom"/>
</testsuite> <!-- com.ebanking.master.Exepom -->
