<?xml version="1.0" encoding="UTF-8"?>
<!-- Generated by org.testng.reporters.JUnitReportReporter -->
<testsuite skipped="0" hostname="LAPTOP-HHN7D2TC" name="com.ebanking.scripts.SampleNg" tests="2" failures="0" timestamp="2020-10-14T09:27:02 IST" time="47.051" errors="0">
  <testcase name="pqr" time="24.408" classname="com.ebanking.scripts.SampleNg"/>
  <testcase name="abc" time="22.643" classname="com.ebanking.scripts.SampleNg"/>
</testsuite> <!-- com.ebanking.scripts.SampleNg -->
