<?xml version="1.0" encoding="UTF-8"?>
<!-- Generated by org.testng.reporters.JUnitReportReporter -->
<testsuite skipped="0" hostname="LAPTOP-HHN7D2TC" name="com.ebanking.master.BrNG" tests="1" failures="0" timestamp="2020-10-19T17:22:15 IST" time="7.756" errors="0">
  <testcase name="Brc" time="7.756" classname="com.ebanking.master.BrNG"/>
</testsuite> <!-- com.ebanking.master.BrNG -->
