<?xml version="1.0" encoding="UTF-8"?>
<!-- Generated by org.testng.reporters.JUnitReportReporter -->
<testsuite skipped="0" hostname="LAPTOP-HHN7D2TC" name="com.ebanking.master.Epom" tests="3" failures="0" timestamp="2020-10-20T09:13:15 IST" time="24.109" errors="0">
  <testcase name="Rolcre" time="8.571" classname="com.ebanking.master.Epom"/>
  <testcase name="Rolcre" time="7.806" classname="com.ebanking.master.Epom"/>
  <testcase name="Rolcre" time="7.732" classname="com.ebanking.master.Epom"/>
</testsuite> <!-- com.ebanking.master.Epom -->
