<?xml version="1.0" encoding="UTF-8"?>
<!-- Generated by org.testng.reporters.JUnitReportReporter -->
<testsuite skipped="0" hostname="LAPTOP-HHN7D2TC" name="com.ebanking.master.RoleNg" tests="3" failures="0" timestamp="2020-10-16T09:11:40 IST" time="30.002" errors="0">
  <testcase name="Rol" time="9.590" classname="com.ebanking.master.RoleNg"/>
  <testcase name="Rol" time="9.585" classname="com.ebanking.master.RoleNg"/>
  <testcase name="Rol" time="10.827" classname="com.ebanking.master.RoleNg"/>
</testsuite> <!-- com.ebanking.master.RoleNg -->
