<?xml version="1.0" encoding="UTF-8"?>
<!-- Generated by org.testng.reporters.JUnitReportReporter -->
<testsuite skipped="0" hostname="LAPTOP-HHN7D2TC" name="com.ebanking.master.RolNG" tests="3" failures="0" timestamp="2020-10-23T08:45:55 IST" time="32.336" errors="0">
  <testcase name="RNg" time="9.740" classname="com.ebanking.master.RolNG"/>
  <testcase name="RNg" time="12.837" classname="com.ebanking.master.RolNG"/>
  <testcase name="RNg" time="9.759" classname="com.ebanking.master.RolNG"/>
</testsuite> <!-- com.ebanking.master.RolNG -->
