<?xml version="1.0" encoding="UTF-8"?>
<!-- Generated by org.testng.reporters.JUnitReportReporter -->
<testsuite skipped="0" hostname="LAPTOP-HHN7D2TC" name="com.ebanking.scripts.NgSample" tests="2" failures="0" timestamp="2020-10-16T17:34:53 IST" time="82.414" errors="0">
  <testcase name="pqr" time="39.988" classname="com.ebanking.scripts.NgSample"/>
  <testcase name="abc" time="42.426" classname="com.ebanking.scripts.NgSample"/>
</testsuite> <!-- com.ebanking.scripts.NgSample -->
